#
# A fatal error has been detected by the Java Runtime Environment:
#
#  SIGBUS (0x7) at pc=0x00007f48ca43df5d, pid=10421, tid=0x00007f48cda81700
#
# JRE version: OpenJDK Runtime Environment (8.0_102-b14) (build 1.8.0_102-8u102-b14.1-2-b14)
# Java VM: OpenJDK 64-Bit Server VM (25.102-b14 mixed mode linux-amd64 compressed oops)
# Problematic frame:
# C  [libzip.so+0x4f5d]
#
# Failed to write core dump. Core dumps have been disabled. To enable core dumping, try "ulimit -c unlimited" before starting Java again
#
# If you would like to submit a bug report, please visit:
#   http://bugreport.java.com/bugreport/crash.jsp
# The crash happened outside the Java Virtual Machine in native code.
# See problematic frame for where to report the bug.
#

---------------  T H R E A D  ---------------

Current thread (0x00007f48c400f000):  JavaThread "main" [_thread_in_native, id=10447, stack(0x00007f48cd981000,0x00007f48cda82000)]

siginfo: si_signo: 7 (SIGBUS), si_code: 2 (BUS_ADRERR), si_addr: 0x00007f4898703a72

Registers:
RAX=0x00007f48c58e0270, RBX=0x00007f48c4a55210, RCX=0x00007f4898703a54, RDX=0x00007f48c58e0270
RSP=0x00007f48cda7e060, RBP=0x00007f48cda7e0d0, RSI=0x0000000000000000, RDI=0x0000000000000003
R8 =0x0000000039be997b, R9 =0x0000000000000050, R10=0x00007f48b5135fd8, R11=0x00000000f1c7bd38
R12=0x00007f489845d658, R13=0x00007f4898703a54, R14=0x00007f48c4a55210, R15=0x00007f48c58e0270
RIP=0x00007f48ca43df5d, EFLAGS=0x0000000000010202, CSGSFS=0x002b000000000033, ERR=0x0000000000000004
  TRAPNO=0x000000000000000e

Top of Stack: (sp=0x00007f48cda7e060)
0x00007f48cda7e060:   00007f48cda7e870 6e6124246e654768
0x00007f48cda7e070:   00007f48c400f000 00007f48c508a2e0
0x00007f48cda7e080:   00007f48c8b1e3d8 00000000f1c733b8
0x00007f48cda7e090:   00007f4800000000 00007f48cc5dd450
0x00007f48cda7e0a0:   000000000000001d 00007f489845d650
0x00007f48cda7e0b0:   0000000039be997b 00007f48cda7e15c
0x00007f48cda7e0c0:   00007f48c4a55210 00007f48c4a77600
0x00007f48cda7e0d0:   00007f48cda7e120 00007f48ca43ec94
0x00007f48cda7e0e0:   00007f48cda7e140 0000001d0180d500
0x00007f48cda7e0f0:   00007f48cda7e120 000000000000001d
0x00007f48cda7e100:   00007f48c400f1e0 00000000c0300748
0x00007f48cda7e110:   00007f48cda7e598 00007f48c4a55210
0x00007f48cda7e120:   00007f48cda7e580 00007f48ca43cbec
0x00007f48cda7e130:   00007f48cda7e140 00000001cda7e290
0x00007f48cda7e140:   706172475f627363 6e6124246e654768
0x00007f48cda7e150:   2e31246e75666e6f 0000007373616c63
0x00007f48cda7e160:   00007f48c400dce0 00007f48c400c6d0
0x00007f48cda7e170:   00007f48c400c6e0 00007f48c400cab8
0x00007f48cda7e180:   00000000000003d8 000000000000002a
0x00007f48cda7e190:   00007f48c8b1e3d8 00007f48c400f000
0x00007f48cda7e1a0:   00000000cda7e730 00007f48cc820079
0x00007f48cda7e1b0:   0000000000000000 0000000000000000
0x00007f48cda7e1c0:   00007f48c8b1e3d8 00007f48c400f000
0x00007f48cda7e1d0:   00007f48cda7e8d0 00000000f1c733b8
0x00007f48cda7e1e0:   00000000c0022340 0000003000000010
0x00007f48cda7e1f0:   00007f48cda7e298 00007f48cda7e7f0
0x00007f48cda7e200:   00007f48cda7e2c0 000000006080d500
0x00007f48cda7e210:   0000000000000000 00007f4800010100
0x00007f48cda7e220:   00007f4800000000 00007f48cda7e1d8
0x00007f48cda7e230:   00007f48cda7e219 0000000800000002
0x00007f48cda7e240:   00007f48cda7ea00 6044802d6080d500
0x00007f48cda7e250:   00007f4800000000 00007f48c400f000 

Instructions: (pc=0x00007f48ca43df5d)
0x00007f48ca43df3d:   73 48 48 8b 7b 10 b9 a0 00 00 00 49 8b 14 24 e8
0x00007f48ca43df4d:   af fe ff ff 49 89 c5 4d 85 ed 0f 84 23 03 00 00
0x00007f48ca43df5d:   41 0f b7 45 1e 45 0f b7 75 1c 48 c7 45 c8 00 00
0x00007f48ca43df6d:   00 00 66 89 45 c6 41 0f b7 45 20 4d 89 f4 66 89 

Register to memory mapping:

RAX=0x00007f48c58e0270 is an unknown value
RBX=0x00007f48c4a55210 is an unknown value
RCX=0x00007f4898703a54 is an unknown value
RDX=0x00007f48c58e0270 is an unknown value
RSP=0x00007f48cda7e060 is pointing into the stack for thread: 0x00007f48c400f000
RBP=0x00007f48cda7e0d0 is pointing into the stack for thread: 0x00007f48c400f000
RSI=0x0000000000000000 is an unknown value
RDI=0x0000000000000003 is an unknown value
R8 =0x0000000039be997b is an unknown value
R9 =0x0000000000000050 is an unknown value
R10=0x00007f48b5135fd8 is at entry_point+88 in (nmethod*)0x00007f48b5135e10
R11=0x00000000f1c7bd38 is an oop
