#
# A fatal error has been detected by the Java Runtime Environment:
#
#  SIGBUS (0x7) at pc=0x00007f011003eeed, pid=9449, tid=0x00007f01136bc700
#
# JRE version: OpenJDK Runtime Environment (8.0_111-b14) (build 1.8.0_111-8u111-b14-2ubuntu0.16.04.2-b14)
# Java VM: OpenJDK 64-Bit Server VM (25.111-b14 mixed mode linux-amd64 compressed oops)
# Problematic frame:
# C  [libzip.so+0x4eed]
#
# Failed to write core dump. Core dumps have been disabled. To enable core dumping, try "ulimit -c unlimited" before starting Java again
#
# If you would like to submit a bug report, please visit:
#   http://bugreport.java.com/bugreport/crash.jsp
# The crash happened outside the Java Virtual Machine in native code.
# See problematic frame for where to report the bug.
#

---------------  T H R E A D  ---------------

Current thread (0x00007f010c013000):  JavaThread "main" [_thread_in_native, id=9470, stack(0x00007f01135bc000,0x00007f01136bd000)]

siginfo: si_signo: 7 (SIGBUS), si_code: 2 (BUS_ADRERR), si_addr: 0x00007f00d335c654

Registers:
RAX=0x00007f010dd77320, RBX=0x00007f010cb258b0, RCX=0x00007f00d335c634, RDX=0x00007f010dd77320
RSP=0x00007f01136b8f20, RBP=0x00007f01136b8f90, RSI=0x0000000000001081, RDI=0x0000000000000002
R8 =0x00007f010c000528, R9 =0x00007f011285cfe0, R10=0x00007f010dd77310, R11=0x00000000eef391f0
R12=0x00007f00d30b6658, R13=0x00007f01136b901c, R14=0x00007f010cd85ac0, R15=0x00007f010dd77320
RIP=0x00007f011003eeed, EFLAGS=0x0000000000010202, CSGSFS=0x0000000000000033, ERR=0x0000000000000004
  TRAPNO=0x000000000000000e

Top of Stack: (sp=0x00007f01136b8f20)
0x00007f01136b8f20:   00007f010c0131e0 0000000000000000
0x00007f01136b8f30:   00007f010c013000 00007f010c013000
0x00007f01136b8f40:   00007f01136b90d0 00007f0111fe814a
0x00007f01136b8f50:   000000000c013000 00007f01121dfa40
0x00007f01136b8f60:   000000000000001d 00007f00d30b6650
0x00007f01136b8f70:   0000000039be997b 00007f01136b901c
0x00007f01136b8f80:   00007f010cd85ac0 00007f010cb258b0
0x00007f01136b8f90:   00007f01136b8fe0 00007f011003fc84
0x00007f01136b8fa0:   00007f01136b9000 0000001d01948c00
0x00007f01136b8fb0:   00007f01136b8fe0 000000000000001d
0x00007f01136b8fc0:   00007f010c0131e0 00000000c0371a30
0x00007f01136b8fd0:   00007f01136b9458 00007f010cb258b0
0x00007f01136b8fe0:   00007f01136b9440 00007f011003dbec
0x00007f01136b8ff0:   00007f01136b9000 0000000100000000
0x00007f01136b9000:   706172475f627363 6e6124246e654768
0x00007f01136b9010:   2e31246e75666e6f 0000007373616c63
0x00007f01136b9020:   000000000020037f 00007f00fd014e21
0x00007f01136b9030:   00007f01136ba1a8 0000ffff00001fa0
0x00007f01136b9040:   000000000c013000 00007f010c013000
0x00007f01136b9050:   00007f01136b90d0 00007f0111fe1f88
0x00007f01136b9060:   8000000000000000 00007f010dd77280
0x00007f01136b9070:   00007f010c013000 0000000000000000
0x00007f01136b9080:   00007f010c0131e0 00007f010c000020
0x00007f01136b9090:   0000000000000061 00007f010c013000
0x00007f01136b90a0:   00007f01136b90d0 00007f010c0131e0
0x00007f01136b90b0:   00000000eef2c648 00007f00fd30c754
0x00007f01136b90c0:   00000000c035fa98 00000000eef2c648
0x00007f01136b90d0:   00007f010c013000 00007f0112f6498c
0x00007f01136b90e0:   0000000000000000 8c9d84b0f9948c00
0x00007f01136b90f0:   00000000c035f920 00007f00fd223c3c
0x00007f01136b9100:   000000000000001d 00007f010c0131e0
0x00007f01136b9110:   00007f01136b91f0 0000000000000000 

Instructions: (pc=0x00007f011003eeed)
0x00007f011003eecd:   40 30 00 00 00 00 48 c7 40 28 00 00 00 00 0f 84
0x00007f011003eedd:   bf 01 00 00 49 8b 0c 24 48 2b 4b 28 48 03 4b 18
0x00007f011003eeed:   0f b7 41 20 44 0f b7 69 1c 49 89 ce 44 0f b7 61
0x00007f011003eefd:   1e 89 45 c0 41 8b 46 0c 48 c7 45 c8 00 00 00 00 

Register to memory mapping:

RAX=0x00007f010dd77320 is an unknown value
RBX=0x00007f010cb258b0 is an unknown value
RCX=0x00007f00d335c634 is an unknown value
RDX=0x00007f010dd77320 is an unknown value
RSP=0x00007f01136b8f20 is pointing into the stack for thread: 0x00007f010c013000
RBP=0x00007f01136b8f90 is pointing into the stack for thread: 0x00007f010c013000
RSI=0x0000000000001081 is an unknown value
RDI=0x0000000000000002 is an unknown value
R8 =0x00007f010c000528 is an unknown value
R9 =0x00007f011285cfe0: <offset 0xef0fe0> in /usr/lib/jvm/java-8-openjdk-amd64/jre/lib/amd64/server/libjvm.so at 0x00007f011196c000
R10=0x00007f010dd77310 is an unknown value
R11=0x00000000eef391f0 is an oop
