#
# A fatal error has been detected by the Java Runtime Environment:
#
#  SIGBUS (0x7) at pc=0x00007f0ab2e6ceed, pid=28618, tid=0x00007f0ab64ea700
#
# JRE version: OpenJDK Runtime Environment (8.0_111-b14) (build 1.8.0_111-8u111-b14-2ubuntu0.16.04.2-b14)
# Java VM: OpenJDK 64-Bit Server VM (25.111-b14 mixed mode linux-amd64 compressed oops)
# Problematic frame:
# C  [libzip.so+0x4eed]
#
# Failed to write core dump. Core dumps have been disabled. To enable core dumping, try "ulimit -c unlimited" before starting Java again
#
# If you would like to submit a bug report, please visit:
#   http://bugreport.java.com/bugreport/crash.jsp
# The crash happened outside the Java Virtual Machine in native code.
# See problematic frame for where to report the bug.
#

---------------  T H R E A D  ---------------

Current thread (0x00007f0aac013000):  JavaThread "main" [_thread_in_native, id=28639, stack(0x00007f0ab63ea000,0x00007f0ab64eb000)]

siginfo: si_signo: 7 (SIGBUS), si_code: 2 (BUS_ADRERR), si_addr: 0x00007f0a8a18ae24

Registers:
RAX=0x00007f0aadeeb0f0, RBX=0x00007f0aacaeb2a0, RCX=0x00007f0a8a18ae04, RDX=0x00007f0aadeeb0f0
RSP=0x00007f0ab64e6fe0, RBP=0x00007f0ab64e7050, RSI=0x00000000000281bc, RDI=0x0000000000000000
R8 =0x00007f0aac000528, R9 =0x00007f0ab568afe0, R10=0x00007f0aadeeb0e0, R11=0x00000000eedf3d40
R12=0x00007f0a89ee4658, R13=0x00007f0ab64e70dc, R14=0x00007f0aacd451f0, R15=0x00007f0aadeeb0f0
RIP=0x00007f0ab2e6ceed, EFLAGS=0x0000000000010202, CSGSFS=0x0000000000000033, ERR=0x0000000000000004
  TRAPNO=0x000000000000000e

Top of Stack: (sp=0x00007f0ab64e6fe0)
0x00007f0ab64e6fe0:   00007f0aac013988 00000000000000d8
0x00007f0ab64e6ff0:   00007f0ab64e7890 00002f7373616c63
0x00007f0ab64e7000:   00007f0aac013000 00007f0aadd95f10
0x00007f0ab64e7010:   00000000ac013000 00007f0ab500da40
0x00007f0ab64e7020:   000000000000001d 00007f0a89ee4650
0x00007f0ab64e7030:   0000000039be997b 00007f0ab64e70dc
0x00007f0ab64e7040:   00007f0aacd451f0 00007f0aacaeb2a0
0x00007f0ab64e7050:   00007f0ab64e70a0 00007f0ab2e6dc84
0x00007f0ab64e7060:   00007f0ab64e70c0 0000001d014aaa00
0x00007f0ab64e7070:   00007f0ab64e70a0 000000000000001d
0x00007f0ab64e7080:   00007f0aac0131e0 00000000c02e6a38
0x00007f0ab64e7090:   00007f0ab64e7518 00007f0aacaeb2a0
0x00007f0ab64e70a0:   00007f0ab64e7500 00007f0ab2e6bbec
0x00007f0ab64e70b0:   00007f0ab64e70c0 00000001ac0131e0
0x00007f0ab64e70c0:   706172475f627363 6e6124246e654768
0x00007f0ab64e70d0:   2e31246e75666e6f 0000007373616c63
0x00007f0ab64e70e0:   00007f0a9c8043d8 00007f0aac013000
0x00007f0ab64e70f0:   00007f0aac011cc0 00007f0aac0106b0
0x00007f0ab64e7100:   00007f0aac0106c0 00007f0aac010a98
0x00007f0ab64e7110:   00000000000003d8 00007f0ab64e71d0
0x00007f0ab64e7120:   00007f0a9c8043d8 00007f0aac013000
0x00007f0ab64e7130:   0000000000000000 0000000000000020
0x00007f0ab64e7140:   0000000000000000 00007f0a00000000
0x00007f0ab64e7150:   00007f0a9c8043d8 00007f0aac013000
0x00007f0ab64e7160:   0000118700000000 00000000eede7bc8
0x00007f0ab64e7170:   00000000c00d2a50 00007f0a00000025
0x00007f0ab64e7180:   00007f0ab5252313 0000000100000000
0x00007f0ab64e7190:   00007f0ab64e7230 00007f0ab5d8a6ce
0x00007f0ab64e71a0:   00007f0ab64e7750 00007f0ab6010140
0x00007f0ab64e71b0:   00007f0ab5252311 00007f0ab64e7168
0x00007f0ab64e71c0:   00007f0ab64e71a9 0000000800000002
0x00007f0ab64e71d0:   00007f0ab523cd00 23a9506a7c4aaa00 

Instructions: (pc=0x00007f0ab2e6ceed)
0x00007f0ab2e6cecd:   40 30 00 00 00 00 48 c7 40 28 00 00 00 00 0f 84
0x00007f0ab2e6cedd:   bf 01 00 00 49 8b 0c 24 48 2b 4b 28 48 03 4b 18
0x00007f0ab2e6ceed:   0f b7 41 20 44 0f b7 69 1c 49 89 ce 44 0f b7 61
0x00007f0ab2e6cefd:   1e 89 45 c0 41 8b 46 0c 48 c7 45 c8 00 00 00 00 

Register to memory mapping:

RAX=0x00007f0aadeeb0f0 is an unknown value
RBX=0x00007f0aacaeb2a0 is an unknown value
RCX=0x00007f0a8a18ae04 is an unknown value
RDX=0x00007f0aadeeb0f0 is an unknown value
RSP=0x00007f0ab64e6fe0 is pointing into the stack for thread: 0x00007f0aac013000
RBP=0x00007f0ab64e7050 is pointing into the stack for thread: 0x00007f0aac013000
RSI=0x00000000000281bc is an unknown value
RDI=0x0000000000000000 is an unknown value
R8 =0x00007f0aac000528 is an unknown value
R9 =0x00007f0ab568afe0: <offset 0xef0fe0> in /usr/lib/jvm/java-8-openjdk-amd64/jre/lib/amd64/server/libjvm.so at 0x00007f0ab479a000
R10=0x00007f0aadeeb0e0 is an unknown value
R11=0x00000000eedf3d40 is an oop
